Using pre-set license
Built from '2021.3/staging' branch; Version is '2021.3.13f1 (9e7d58001ecf) revision 10386776'; Using compiler version '192829333'; Build Type 'Release'
OS: 'Windows 10  (10.0.19045) 64bit Professional' Language: 'he' Physical Memory: 7965 MB
BatchMode: 1, IsHumanControllingUs: 0, StartBugReporterOnCrash: 0, Is64bit: 1, IsPro: 1

COMMAND LINE ARGUMENTS:
C:\Program Files\Unity\Hub\Editor\2021.3.13f1\Editor\Unity.exe
-adb2
-batchMode
-noUpm
-name
AssetImportWorker17
-projectPath
C:/Users/nitai/Documents/GitHub/2DGame/2D-Game/2D Final Project
-logFile
Logs/AssetImportWorker17.log
-srvPort
49386
Successfully changed project path to: C:/Users/nitai/Documents/GitHub/2DGame/2D-Game/2D Final Project
C:/Users/nitai/Documents/GitHub/2DGame/2D-Game/2D Final Project
[UnityMemory] Configuration Parameters - Can be set up in boot.config
    "memorysetup-bucket-allocator-granularity=16"
    "memorysetup-bucket-allocator-bucket-count=8"
    "memorysetup-bucket-allocator-block-size=33554432"
    "memorysetup-bucket-allocator-block-count=8"
    "memorysetup-main-allocator-block-size=16777216"
    "memorysetup-thread-allocator-block-size=16777216"
    "memorysetup-gfx-main-allocator-block-size=16777216"
    "memorysetup-gfx-thread-allocator-block-size=16777216"
    "memorysetup-cache-allocator-block-size=4194304"
    "memorysetup-typetree-allocator-block-size=2097152"
    "memorysetup-profiler-bucket-allocator-granularity=16"
    "memorysetup-profiler-bucket-allocator-bucket-count=8"
    "memorysetup-profiler-bucket-allocator-block-size=33554432"
    "memorysetup-profiler-bucket-allocator-block-count=8"
    "memorysetup-profiler-allocator-block-size=16777216"
    "memorysetup-profiler-editor-allocator-block-size=1048576"
    "memorysetup-temp-allocator-size-main=16777216"
    "memorysetup-job-temp-allocator-block-size=2097152"
    "memorysetup-job-temp-allocator-block-size-background=1048576"
    "memorysetup-job-temp-allocator-reduction-small-platforms=262144"
    "memorysetup-temp-allocator-size-background-worker=32768"
    "memorysetup-temp-allocator-size-job-worker=262144"
    "memorysetup-temp-allocator-size-preload-manager=33554432"
    "memorysetup-temp-allocator-size-nav-mesh-worker=65536"
    "memorysetup-temp-allocator-size-audio-worker=65536"
    "memorysetup-temp-allocator-size-cloud-worker=32768"
    "memorysetup-temp-allocator-size-gi-baking-worker=262144"
    "memorysetup-temp-allocator-size-gfx=262144"
Refreshing native plugins compatible for Editor in 462.47 ms, found 4 plugins.
Preloading 0 native plugins for Editor in 0.00 ms.
Initialize engine version: 2021.3.13f1 (9e7d58001ecf)
[Subsystems] Discovering subsystems at path C:/Program Files/Unity/Hub/Editor/2021.3.13f1/Editor/Data/Resources/UnitySubsystems
[Subsystems] Discovering subsystems at path C:/Users/nitai/Documents/GitHub/2DGame/2D-Game/2D Final Project/Assets
GfxDevice: creating device client; threaded=0; jobified=0
Direct3D:
    Version:  Direct3D 11.0 [level 11.1]
    Renderer: Intel(R) UHD Graphics (ID=0x9b41)
    Vendor:   Intel
    VRAM:     3982 MB
    Driver:   30.0.101.1404
Initialize mono
Mono path[0] = 'C:/Program Files/Unity/Hub/Editor/2021.3.13f1/Editor/Data/Managed'
Mono path[1] = 'C:/Program Files/Unity/Hub/Editor/2021.3.13f1/Editor/Data/MonoBleedingEdge/lib/mono/unityjit-win32'
Mono config path = 'C:/Program Files/Unity/Hub/Editor/2021.3.13f1/Editor/Data/MonoBleedingEdge/etc'
Using monoOptions --debugger-agent=transport=dt_socket,embedding=1,server=y,suspend=n,address=127.0.0.1:56744
Begin MonoManager ReloadAssembly
Registering precompiled unity dll's ...
Registered in 0.029521 seconds.
Refreshing native plugins compatible for Editor in 685.71 ms, found 4 plugins.
Preloading 0 native plugins for Editor in 0.00 ms.
Mono: successfully reloaded assembly
- Completed reload, in  3.239 seconds
Domain Reload Profiling:
	ReloadAssembly (3241ms)
		BeginReloadAssembly (365ms)
			ExecutionOrderSort (0ms)
			DisableScriptedObjects (0ms)
			BackupInstance (0ms)
			ReleaseScriptingObjects (0ms)
			CreateAndSetChildDomain (2ms)
		EndReloadAssembly (2438ms)
			LoadAssemblies (354ms)
			RebuildTransferFunctionScriptingTraits (0ms)
			SetupTypeCache (491ms)
			ReleaseScriptCaches (0ms)
			RebuildScriptCaches (167ms)
			SetupLoadedEditorAssemblies (1486ms)
				LogAssemblyErrors (0ms)
				InitializePlatformSupportModulesInManaged (11ms)
				SetLoadedEditorAssemblies (2ms)
				RefreshPlugins (686ms)
				BeforeProcessingInitializeOnLoad (4ms)
				ProcessInitializeOnLoadAttributes (566ms)
				ProcessInitializeOnLoadMethodAttributes (217ms)
				AfterProcessingInitializeOnLoad (0ms)
				EditorAssembliesLoaded (1ms)
			ExecutionOrderSort2 (0ms)
			AwakeInstancesAfterBackupRestoration (0ms)
Platform modules already initialized, skipping
Registering precompiled user dll's ...
Registered in 0.065988 seconds.
Begin MonoManager ReloadAssembly
Symbol file LoadedFromMemory doesn't match image C:\Users\nitai\Documents\GitHub\2DGame\2D-Game\2D Final Project\Library\PackageCache\com.unity.visualscripting@1.7.8\Editor\VisualScripting.Core\Dependencies\YamlDotNet\Unity.VisualScripting.YamlDotNet.dll
Symbol file LoadedFromMemory doesn't match image C:\Users\nitai\Documents\GitHub\2DGame\2D-Game\2D Final Project\Library\PackageCache\com.unity.visualscripting@1.7.8\Editor\VisualScripting.Core\Dependencies\DotNetZip\Unity.VisualScripting.IonicZip.dll
Refreshing native plugins compatible for Editor in 513.84 ms, found 4 plugins.
Preloading 0 native plugins for Editor in 0.00 ms.
Mono: successfully reloaded assembly
- Completed reload, in  8.017 seconds
Domain Reload Profiling:
	ReloadAssembly (8021ms)
		BeginReloadAssembly (720ms)
			ExecutionOrderSort (0ms)
			DisableScriptedObjects (49ms)
			BackupInstance (0ms)
			ReleaseScriptingObjects (1ms)
			CreateAndSetChildDomain (72ms)
		EndReloadAssembly (6654ms)
			LoadAssemblies (671ms)
			RebuildTransferFunctionScriptingTraits (0ms)
			SetupTypeCache (1670ms)
			ReleaseScriptCaches (2ms)
			RebuildScriptCaches (289ms)
			SetupLoadedEditorAssemblies (3917ms)
				LogAssemblyErrors (0ms)
				InitializePlatformSupportModulesInManaged (5ms)
				SetLoadedEditorAssemblies (1ms)
				RefreshPlugins (514ms)
				BeforeProcessingInitializeOnLoad (926ms)
				ProcessInitializeOnLoadAttributes (1658ms)
				ProcessInitializeOnLoadMethodAttributes (733ms)
				AfterProcessingInitializeOnLoad (79ms)
				EditorAssembliesLoaded (1ms)
			ExecutionOrderSort2 (0ms)
			AwakeInstancesAfterBackupRestoration (41ms)
Platform modules already initialized, skipping
========================================================================
Worker process is ready to serve import requests
Launched and connected shader compiler UnityShaderCompiler.exe after 0.53 seconds
Refreshing native plugins compatible for Editor in 2.15 ms, found 4 plugins.
Preloading 0 native plugins for Editor in 0.00 ms.
Unloading 5568 Unused Serialized files (Serialized files now loaded: 0)
Unloading 49 unused Assets / (0.7 MB). Loaded Objects now: 6037.
Memory consumption went from 238.4 MB to 237.6 MB.
Total: 11.344100 ms (FindLiveObjects: 0.826600 ms CreateObjectMapping: 1.054500 ms MarkObjects: 8.849800 ms  DeleteObjects: 0.611100 ms)

AssetImportParameters requested are different than current active one (requested -> active):
  custom:video-decoder-ogg-theora: a1e56fd34408186e4bbccfd4996cb3dc -> 
  custom:container-muxer-webm: aa71ff27fc2769a1b78a27578f13a17b -> 
  custom:container-demuxer-webm: 4f35f7cbe854078d1ac9338744f61a02 -> 
  custom:video-encoder-webm-vp8: eb34c28f22e8b96e1ab97ce403110664 -> 
  custom:audio-encoder-webm-vorbis: bf7c407c2cedff20999df2af8eb42d56 -> 
  custom:framework-win-MediaFoundation: 216162199b28c13a410421893ffa2e32 -> 
  custom:container-demuxer-ogg: 62fdf1f143b41e24485cea50d1cbac27 -> 
  custom:video-decoder-webm-vp8: 9c59270c3fd7afecdb556c50c9e8de78 -> 
  custom:audio-decoder-ogg-vorbis: bf7c407c2cedff20999df2af8eb42d56 -> 
========================================================================
Received Import Request.
  Time since last request: 1650311.226095 seconds.
  path: Assets/Scenes/level 2.unity
  artifactKey: Guid(b7c4bddd8e7028f41ab98ae576d3b273) Importer(815301076,1909f56bfc062723c751e8b465ee728b)
Start importing Assets/Scenes/level 2.unity using Guid(b7c4bddd8e7028f41ab98ae576d3b273) Importer(815301076,1909f56bfc062723c751e8b465ee728b)  -> (artifact id: '6f4228cab4b866ebbfead6c5d63adac3') in 0.041803 seconds 
========================================================================
Received Import Request.
  Time since last request: 21.565100 seconds.
  path: Assets/Scenes/level 1.unity
  artifactKey: Guid(cb33a711bd76a0547a251fa0fa065d38) Importer(815301076,1909f56bfc062723c751e8b465ee728b)
Start importing Assets/Scenes/level 1.unity using Guid(cb33a711bd76a0547a251fa0fa065d38) Importer(815301076,1909f56bfc062723c751e8b465ee728b)  -> (artifact id: '227b56c62e2e359633fa38d75d2440e3') in 0.032086 seconds 
========================================================================
Received Import Request.
  Time since last request: 15.754206 seconds.
  path: Assets/Scenes/level 3.unity
  artifactKey: Guid(56ca3fd89c3152d439af8df6a66f3b82) Importer(815301076,1909f56bfc062723c751e8b465ee728b)
Start importing Assets/Scenes/level 3.unity using Guid(56ca3fd89c3152d439af8df6a66f3b82) Importer(815301076,1909f56bfc062723c751e8b465ee728b)  -> (artifact id: '5b6eb02752a3089892d72a8c8a300920') in 0.032458 seconds 
========================================================================
Received Import Request.
  Time since last request: 49.667157 seconds.
  path: Assets/Scenes/level 4.unity
  artifactKey: Guid(7d667c2a2529b3e408c0680d484ca3c6) Importer(815301076,1909f56bfc062723c751e8b465ee728b)
Start importing Assets/Scenes/level 4.unity using Guid(7d667c2a2529b3e408c0680d484ca3c6) Importer(815301076,1909f56bfc062723c751e8b465ee728b)  -> (artifact id: '5e6c31eeb53c8bc88dcf2a2b7441049a') in 0.037465 seconds 
========================================================================
Received Import Request.
  Time since last request: 60.259901 seconds.
  path: Assets/Scenes/level 5.unity
  artifactKey: Guid(6940351ecdf2079409adaad3550f0f46) Importer(815301076,1909f56bfc062723c751e8b465ee728b)
Start importing Assets/Scenes/level 5.unity using Guid(6940351ecdf2079409adaad3550f0f46) Importer(815301076,1909f56bfc062723c751e8b465ee728b)  -> (artifact id: '65371d4f48d714d541c6aa16e72e7837') in 0.039255 seconds 
========================================================================
Received Import Request.
  Time since last request: 87.292627 seconds.
  path: Assets/Scenes/level 4.unity
  artifactKey: Guid(7d667c2a2529b3e408c0680d484ca3c6) Importer(815301076,1909f56bfc062723c751e8b465ee728b)
Start importing Assets/Scenes/level 4.unity using Guid(7d667c2a2529b3e408c0680d484ca3c6) Importer(815301076,1909f56bfc062723c751e8b465ee728b)  -> (artifact id: '9eb1a15808699dd567980b672beb0fa0') in 0.025809 seconds 
========================================================================
Received Import Request.
  Time since last request: 20.701857 seconds.
  path: Assets/Scenes/level 3.unity
  artifactKey: Guid(56ca3fd89c3152d439af8df6a66f3b82) Importer(815301076,1909f56bfc062723c751e8b465ee728b)
Start importing Assets/Scenes/level 3.unity using Guid(56ca3fd89c3152d439af8df6a66f3b82) Importer(815301076,1909f56bfc062723c751e8b465ee728b)  -> (artifact id: 'd2c5327415254cdb5984133f303cd867') in 0.052008 seconds 
========================================================================
Received Import Request.
  Time since last request: 26.322369 seconds.
  path: Assets/Scenes/level 2.unity
  artifactKey: Guid(b7c4bddd8e7028f41ab98ae576d3b273) Importer(815301076,1909f56bfc062723c751e8b465ee728b)
Start importing Assets/Scenes/level 2.unity using Guid(b7c4bddd8e7028f41ab98ae576d3b273) Importer(815301076,1909f56bfc062723c751e8b465ee728b)  -> (artifact id: '2e222049c54df32bf5a809350d1cebcb') in 0.062504 seconds 
========================================================================
Received Import Request.
  Time since last request: 15.737750 seconds.
  path: Assets/Scenes/level 1.unity
  artifactKey: Guid(cb33a711bd76a0547a251fa0fa065d38) Importer(815301076,1909f56bfc062723c751e8b465ee728b)
Start importing Assets/Scenes/level 1.unity using Guid(cb33a711bd76a0547a251fa0fa065d38) Importer(815301076,1909f56bfc062723c751e8b465ee728b)  -> (artifact id: '90f2022deb2a31e0d21dcedd60f743af') in 0.028766 seconds 
========================================================================
Received Import Request.
  Time since last request: 85.954883 seconds.
  path: Assets/Scenes/level 5.unity
  artifactKey: Guid(6940351ecdf2079409adaad3550f0f46) Importer(815301076,1909f56bfc062723c751e8b465ee728b)
Start importing Assets/Scenes/level 5.unity using Guid(6940351ecdf2079409adaad3550f0f46) Importer(815301076,1909f56bfc062723c751e8b465ee728b)  -> (artifact id: 'dc2f365e07d340ca881869febb3a8408') in 0.032876 seconds 
========================================================================
Received Import Request.
  Time since last request: 90.729661 seconds.
  path: Assets/Scenes/level 1.unity
  artifactKey: Guid(cb33a711bd76a0547a251fa0fa065d38) Importer(815301076,1909f56bfc062723c751e8b465ee728b)
Start importing Assets/Scenes/level 1.unity using Guid(cb33a711bd76a0547a251fa0fa065d38) Importer(815301076,1909f56bfc062723c751e8b465ee728b)  -> (artifact id: 'c16cefd31d83f6186fa075fb72884cb7') in 0.035355 seconds 
========================================================================
Received Prepare
Registering precompiled user dll's ...
Registered in 0.063453 seconds.
Begin MonoManager ReloadAssembly
Symbol file LoadedFromMemory doesn't match image C:\Users\nitai\Documents\GitHub\2DGame\2D-Game\2D Final Project\Library\PackageCache\com.unity.visualscripting@1.7.8\Editor\VisualScripting.Core\Dependencies\YamlDotNet\Unity.VisualScripting.YamlDotNet.dll
Symbol file LoadedFromMemory doesn't match image C:\Users\nitai\Documents\GitHub\2DGame\2D-Game\2D Final Project\Library\PackageCache\com.unity.visualscripting@1.7.8\Editor\VisualScripting.Core\Dependencies\DotNetZip\Unity.VisualScripting.IonicZip.dll
Refreshing native plugins compatible for Editor in 4.30 ms, found 4 plugins.
Preloading 0 native plugins for Editor in 0.00 ms.
Mono: successfully reloaded assembly
- Completed reload, in  5.449 seconds
Domain Reload Profiling:
	ReloadAssembly (5451ms)
		BeginReloadAssembly (672ms)
			ExecutionOrderSort (0ms)
			DisableScriptedObjects (38ms)
			BackupInstance (0ms)
			ReleaseScriptingObjects (1ms)
			CreateAndSetChildDomain (167ms)
		EndReloadAssembly (4352ms)
			LoadAssemblies (654ms)
			RebuildTransferFunctionScriptingTraits (0ms)
			SetupTypeCache (1355ms)
			ReleaseScriptCaches (7ms)
			RebuildScriptCaches (216ms)
			SetupLoadedEditorAssemblies (1989ms)
				LogAssemblyErrors (0ms)
				InitializePlatformSupportModulesInManaged (4ms)
				SetLoadedEditorAssemblies (3ms)
				RefreshPlugins (4ms)
				BeforeProcessingInitializeOnLoad (470ms)
				ProcessInitializeOnLoadAttributes (1072ms)
				ProcessInitializeOnLoadMethodAttributes (384ms)
				AfterProcessingInitializeOnLoad (50ms)
				EditorAssembliesLoaded (1ms)
			ExecutionOrderSort2 (0ms)
			AwakeInstancesAfterBackupRestoration (43ms)
Platform modules already initialized, skipping
Refreshing native plugins compatible for Editor in 15.50 ms, found 4 plugins.
Preloading 0 native plugins for Editor in 0.00 ms.
Unloading 5430 Unused Serialized files (Serialized files now loaded: 0)
Unloading 37 unused Assets / (0.7 MB). Loaded Objects now: 6040.
Memory consumption went from 228.7 MB to 228.0 MB.
Total: 17.421400 ms (FindLiveObjects: 1.831700 ms CreateObjectMapping: 1.514800 ms MarkObjects: 12.735100 ms  DeleteObjects: 1.337600 ms)

AssetImportParameters requested are different than current active one (requested -> active):
  custom:video-decoder-ogg-theora: a1e56fd34408186e4bbccfd4996cb3dc -> 
  custom:container-muxer-webm: aa71ff27fc2769a1b78a27578f13a17b -> 
  custom:container-demuxer-webm: 4f35f7cbe854078d1ac9338744f61a02 -> 
  custom:video-encoder-webm-vp8: eb34c28f22e8b96e1ab97ce403110664 -> 
  custom:audio-encoder-webm-vorbis: bf7c407c2cedff20999df2af8eb42d56 -> 
  custom:framework-win-MediaFoundation: 216162199b28c13a410421893ffa2e32 -> 
  custom:container-demuxer-ogg: 62fdf1f143b41e24485cea50d1cbac27 -> 
  custom:video-decoder-webm-vp8: 9c59270c3fd7afecdb556c50c9e8de78 -> 
  custom:audio-decoder-ogg-vorbis: bf7c407c2cedff20999df2af8eb42d56 -> 
========================================================================
Received Import Request.
  Time since last request: 260.245118 seconds.
  path: Assets/Scenes/level 2.unity
  artifactKey: Guid(b7c4bddd8e7028f41ab98ae576d3b273) Importer(815301076,1909f56bfc062723c751e8b465ee728b)
Start importing Assets/Scenes/level 2.unity using Guid(b7c4bddd8e7028f41ab98ae576d3b273) Importer(815301076,1909f56bfc062723c751e8b465ee728b)  -> (artifact id: '26ee2abfc9e37a2aee063478a6ca1aba') in 0.049076 seconds 
========================================================================
Received Import Request.
  Time since last request: 26.615868 seconds.
  path: Assets/Scenes/level 3.unity
  artifactKey: Guid(56ca3fd89c3152d439af8df6a66f3b82) Importer(815301076,1909f56bfc062723c751e8b465ee728b)
Start importing Assets/Scenes/level 3.unity using Guid(56ca3fd89c3152d439af8df6a66f3b82) Importer(815301076,1909f56bfc062723c751e8b465ee728b)  -> (artifact id: '240b3a5649142a228dfa6c6638ddb79b') in 0.022293 seconds 
========================================================================
Received Import Request.
  Time since last request: 31.674041 seconds.
  path: Assets/Scenes/level 4.unity
  artifactKey: Guid(7d667c2a2529b3e408c0680d484ca3c6) Importer(815301076,1909f56bfc062723c751e8b465ee728b)
Start importing Assets/Scenes/level 4.unity using Guid(7d667c2a2529b3e408c0680d484ca3c6) Importer(815301076,1909f56bfc062723c751e8b465ee728b)  -> (artifact id: '33a4f8176de28701bd9d6fd063a9025b') in 0.041225 seconds 
========================================================================
Received Import Request.
  Time since last request: 112.732140 seconds.
  path: Assets/Scenes/level 1.unity
  artifactKey: Guid(cb33a711bd76a0547a251fa0fa065d38) Importer(815301076,1909f56bfc062723c751e8b465ee728b)
Start importing Assets/Scenes/level 1.unity using Guid(cb33a711bd76a0547a251fa0fa065d38) Importer(815301076,1909f56bfc062723c751e8b465ee728b)  -> (artifact id: 'ccb23f8e96214bd0c11d5c5cbec71a0b') in 0.022771 seconds 
========================================================================
Received Import Request.
  Time since last request: 8.342484 seconds.
  path: Assets/Scenes/level 2.unity
  artifactKey: Guid(b7c4bddd8e7028f41ab98ae576d3b273) Importer(815301076,1909f56bfc062723c751e8b465ee728b)
Start importing Assets/Scenes/level 2.unity using Guid(b7c4bddd8e7028f41ab98ae576d3b273) Importer(815301076,1909f56bfc062723c751e8b465ee728b)  -> (artifact id: '87e82de9b55b599a56cc3ab2d3fe1c86') in 0.022402 seconds 
========================================================================
Received Prepare
Registering precompiled user dll's ...
Registered in 0.076008 seconds.
Begin MonoManager ReloadAssembly
Symbol file LoadedFromMemory doesn't match image C:\Users\nitai\Documents\GitHub\2DGame\2D-Game\2D Final Project\Library\PackageCache\com.unity.visualscripting@1.7.8\Editor\VisualScripting.Core\Dependencies\YamlDotNet\Unity.VisualScripting.YamlDotNet.dll
Symbol file LoadedFromMemory doesn't match image C:\Users\nitai\Documents\GitHub\2DGame\2D-Game\2D Final Project\Library\PackageCache\com.unity.visualscripting@1.7.8\Editor\VisualScripting.Core\Dependencies\DotNetZip\Unity.VisualScripting.IonicZip.dll
Refreshing native plugins compatible for Editor in 3.88 ms, found 4 plugins.
Preloading 0 native plugins for Editor in 0.00 ms.
Mono: successfully reloaded assembly
- Completed reload, in  6.693 seconds
Domain Reload Profiling:
	ReloadAssembly (6703ms)
		BeginReloadAssembly (1653ms)
			ExecutionOrderSort (0ms)
			DisableScriptedObjects (208ms)
			BackupInstance (0ms)
			ReleaseScriptingObjects (0ms)
			CreateAndSetChildDomain (835ms)
		EndReloadAssembly (4412ms)
			LoadAssemblies (567ms)
			RebuildTransferFunctionScriptingTraits (0ms)
			SetupTypeCache (1516ms)
			ReleaseScriptCaches (8ms)
			RebuildScriptCaches (178ms)
			SetupLoadedEditorAssemblies (1967ms)
				LogAssemblyErrors (0ms)
				InitializePlatformSupportModulesInManaged (7ms)
				SetLoadedEditorAssemblies (4ms)
				RefreshPlugins (4ms)
				BeforeProcessingInitializeOnLoad (417ms)
				ProcessInitializeOnLoadAttributes (1138ms)
				ProcessInitializeOnLoadMethodAttributes (362ms)
				AfterProcessingInitializeOnLoad (35ms)
				EditorAssembliesLoaded (1ms)
			ExecutionOrderSort2 (0ms)
			AwakeInstancesAfterBackupRestoration (50ms)
Platform modules already initialized, skipping
Refreshing native plugins compatible for Editor in 16.30 ms, found 4 plugins.
Preloading 0 native plugins for Editor in 0.00 ms.
Unloading 5430 Unused Serialized files (Serialized files now loaded: 0)
Unloading 37 unused Assets / (0.7 MB). Loaded Objects now: 6043.
Memory consumption went from 228.7 MB to 228.0 MB.
Total: 20.541100 ms (FindLiveObjects: 0.903600 ms CreateObjectMapping: 1.881400 ms MarkObjects: 13.717300 ms  DeleteObjects: 4.035900 ms)

AssetImportParameters requested are different than current active one (requested -> active):
  custom:video-decoder-ogg-theora: a1e56fd34408186e4bbccfd4996cb3dc -> 
  custom:container-muxer-webm: aa71ff27fc2769a1b78a27578f13a17b -> 
  custom:container-demuxer-webm: 4f35f7cbe854078d1ac9338744f61a02 -> 
  custom:video-encoder-webm-vp8: eb34c28f22e8b96e1ab97ce403110664 -> 
  custom:audio-encoder-webm-vorbis: bf7c407c2cedff20999df2af8eb42d56 -> 
  custom:framework-win-MediaFoundation: 216162199b28c13a410421893ffa2e32 -> 
  custom:container-demuxer-ogg: 62fdf1f143b41e24485cea50d1cbac27 -> 
  custom:video-decoder-webm-vp8: 9c59270c3fd7afecdb556c50c9e8de78 -> 
  custom:audio-decoder-ogg-vorbis: bf7c407c2cedff20999df2af8eb42d56 -> 
========================================================================
Received Prepare
Registering precompiled user dll's ...
Registered in 0.057404 seconds.
Begin MonoManager ReloadAssembly
Symbol file LoadedFromMemory doesn't match image C:\Users\nitai\Documents\GitHub\2DGame\2D-Game\2D Final Project\Library\PackageCache\com.unity.visualscripting@1.7.8\Editor\VisualScripting.Core\Dependencies\YamlDotNet\Unity.VisualScripting.YamlDotNet.dll
Symbol file LoadedFromMemory doesn't match image C:\Users\nitai\Documents\GitHub\2DGame\2D-Game\2D Final Project\Library\PackageCache\com.unity.visualscripting@1.7.8\Editor\VisualScripting.Core\Dependencies\DotNetZip\Unity.VisualScripting.IonicZip.dll
Refreshing native plugins compatible for Editor in 5.14 ms, found 4 plugins.
Preloading 0 native plugins for Editor in 0.00 ms.
Mono: successfully reloaded assembly
- Completed reload, in  6.944 seconds
Domain Reload Profiling:
	ReloadAssembly (6947ms)
		BeginReloadAssembly (845ms)
			ExecutionOrderSort (0ms)
			DisableScriptedObjects (43ms)
			BackupInstance (0ms)
			ReleaseScriptingObjects (1ms)
			CreateAndSetChildDomain (203ms)
		EndReloadAssembly (5543ms)
			LoadAssemblies (1102ms)
			RebuildTransferFunctionScriptingTraits (0ms)
			SetupTypeCache (1661ms)
			ReleaseScriptCaches (8ms)
			RebuildScriptCaches (338ms)
			SetupLoadedEditorAssemblies (2200ms)
				LogAssemblyErrors (0ms)
				InitializePlatformSupportModulesInManaged (9ms)
				SetLoadedEditorAssemblies (3ms)
				RefreshPlugins (6ms)
				BeforeProcessingInitializeOnLoad (668ms)
				ProcessInitializeOnLoadAttributes (1051ms)
				ProcessInitializeOnLoadMethodAttributes (410ms)
				AfterProcessingInitializeOnLoad (52ms)
				EditorAssembliesLoaded (1ms)
			ExecutionOrderSort2 (0ms)
			AwakeInstancesAfterBackupRestoration (38ms)
Platform modules already initialized, skipping
Refreshing native plugins compatible for Editor in 17.04 ms, found 4 plugins.
Preloading 0 native plugins for Editor in 0.00 ms.
Unloading 5430 Unused Serialized files (Serialized files now loaded: 0)
Unloading 37 unused Assets / (0.7 MB). Loaded Objects now: 6046.
Memory consumption went from 228.7 MB to 228.0 MB.
Total: 13.265900 ms (FindLiveObjects: 0.890600 ms CreateObjectMapping: 0.797900 ms MarkObjects: 10.951500 ms  DeleteObjects: 0.623900 ms)

AssetImportParameters requested are different than current active one (requested -> active):
  custom:video-decoder-ogg-theora: a1e56fd34408186e4bbccfd4996cb3dc -> 
  custom:container-muxer-webm: aa71ff27fc2769a1b78a27578f13a17b -> 
  custom:container-demuxer-webm: 4f35f7cbe854078d1ac9338744f61a02 -> 
  custom:video-encoder-webm-vp8: eb34c28f22e8b96e1ab97ce403110664 -> 
  custom:audio-encoder-webm-vorbis: bf7c407c2cedff20999df2af8eb42d56 -> 
  custom:framework-win-MediaFoundation: 216162199b28c13a410421893ffa2e32 -> 
  custom:container-demuxer-ogg: 62fdf1f143b41e24485cea50d1cbac27 -> 
  custom:video-decoder-webm-vp8: 9c59270c3fd7afecdb556c50c9e8de78 -> 
  custom:audio-decoder-ogg-vorbis: bf7c407c2cedff20999df2af8eb42d56 -> 
